15:02:57.743 [main] INFO  CK.Main - Typespeed Program started!
15:26:03.991 [main] INFO  CK.Main - Typespeed Program started!
15:26:37.839 [main] INFO  CK.Main - Typespeed Program started!
15:26:39.127 [main] INFO  CK.Main - TODO: Show Statistics / Leaderboard
15:26:48.882 [main] INFO  CK.Main - Typespeed Program started!
15:26:50.071 [main] INFO  CK.Main - TODO: Show Settings - Edit Settings
 TODO: Add to Settings: Username, ignore Upper and lower case letters, Language
15:27:02.570 [main] INFO  CK.Main - Typespeed Program started!
15:27:03.991 [main] INFO  CK.Main - TODO: Show Settings - Edit Settings
           TODO: Add to Settings: Username, ignore Upper and lower case letters, Language
15:27:13.535 [main] INFO  CK.Main - Typespeed Program started!
15:27:15.625 [main] INFO  CK.Main - TODO: Show Settings - Edit Settings
                       TODO: Add to Settings: Username, ignore Upper and lower case letters, Language
15:27:22.965 [main] INFO  CK.Main - Typespeed Program started!
15:27:24.967 [main] INFO  CK.Main - TODO: Show Settings - Edit Settings
                                   TODO: Add to Settings: Username, ignore Upper and lower case letters, Language
15:27:33.178 [main] INFO  CK.Main - Typespeed Program started!
15:27:34.791 [main] INFO  CK.Main - TODO: Show Settings - Edit Settings
                                     TODO: Add to Settings: Username, ignore Upper and lower case letters, Language
15:29:04.997 [main] INFO  CK.Main - Typespeed Program started!
15:29:06.808 [main] INFO  CK.Main - TODO: Show Settings - Edit Settings
15:29:06.808 [main] INFO  CK.Main - TODO: Add to Settings: Username, ignore Upper and lower case letters, Language
15:29:31.385 [main] INFO  CK.Main - Typespeed Program started!
15:29:45.451 [main] INFO  CK.Main - TODO: Show Settings - Edit Settings
15:29:45.451 [main] INFO  CK.Main - TODO: Add to Settings: Username, ignore Upper and lower case letters, Language
15:29:55.595 [main] INFO  CK.Main - Typespeed Program started!
15:29:59.817 [main] INFO  CK.Main - TODO: Show Settings - Edit Settings
15:29:59.818 [main] INFO  CK.Main - TODO: Add to Settings: Username, ignore Upper and lower case letters, Language
15:48:53.857 [main] INFO  CK.Main - Typespeed Program started!
15:48:56.838 [main] INFO  CK.Main - Starting Typespeed triggered
15:49:01.699 [main] INFO  CK.Main - TypeSpeedTest started...
15:49:01.699 [main] INFO  CK.Main - Getting Normal Text...
15:49:01.702 [main] INFO  CK.Main - Getting Hard Text...
15:49:01.702 [main] INFO  CK.Main - Getting Impossible Text...
15:49:35.164 [main] INFO  CK.Main - Typespeed Program started!
15:49:41.844 [main] INFO  CK.Main - Starting Typespeed triggered
15:49:44.437 [main] INFO  CK.Main - TypeSpeedTest started...
15:49:44.437 [main] INFO  CK.Main - Getting Normal Text...
15:49:44.439 [main] INFO  CK.Main - Getting Hard Text...
15:49:44.439 [main] INFO  CK.Main - Getting Impossible Text...
15:49:44.439 [main] INFO  CK.Main - HOw CaN YOu Do ThIS? ItS NOt POsIbLE WTf?!
15:51:18.172 [main] INFO  CK.Main - Typespeed Program started!
15:51:19.829 [main] INFO  CK.Main - Starting Typespeed triggered
15:51:21.797 [main] INFO  CK.Main - TypeSpeedTest started...
15:51:21.798 [main] INFO  CK.Main - Getting Normal Text...
15:51:21.801 [main] INFO  CK.Main - Thats a Normal Typespeed Test, house of Glory its great Yes.
